<?xml version="1.0" encoding="UTF-8"?>
<testng-results skipped="0" failed="0" total="1" passed="1">
  <reporter-output>
  </reporter-output>
  <suite name="Default suite" duration-ms="16587" started-at="2019-08-27T06:36:23Z" finished-at="2019-08-27T06:36:40Z">
    <groups>
    </groups>
    <test name="Default test" duration-ms="16587" started-at="2019-08-27T06:36:23Z" finished-at="2019-08-27T06:36:40Z">
      <class name="com.training.sanity.tests.EditTests">
        <test-method status="PASS" signature="setUpBeforeClass()[pri:0, instance:com.training.sanity.tests.EditTests@23223dd8]" name="setUpBeforeClass" is-config="true" duration-ms="25" started-at="2019-08-27T12:06:23Z" finished-at="2019-08-27T12:06:23Z">
          <reporter-output>
          </reporter-output>
        </test-method> <!-- setUpBeforeClass -->
        <test-method status="PASS" signature="setUp()[pri:0, instance:com.training.sanity.tests.EditTests@23223dd8]" name="setUp" is-config="true" duration-ms="6986" started-at="2019-08-27T12:06:23Z" finished-at="2019-08-27T12:06:30Z">
          <reporter-output>
          </reporter-output>
        </test-method> <!-- setUp -->
        <test-method status="PASS" signature="EditTest()[pri:0, instance:com.training.sanity.tests.EditTests@23223dd8]" name="EditTest" duration-ms="7779" started-at="2019-08-27T12:06:30Z" finished-at="2019-08-27T12:06:38Z">
          <reporter-output>
          </reporter-output>
        </test-method> <!-- EditTest -->
        <test-method status="PASS" signature="tearDown()[pri:0, instance:com.training.sanity.tests.EditTests@23223dd8]" name="tearDown" is-config="true" duration-ms="1775" started-at="2019-08-27T12:06:38Z" finished-at="2019-08-27T12:06:40Z">
          <reporter-output>
          </reporter-output>
        </test-method> <!-- tearDown -->
      </class> <!-- com.training.sanity.tests.EditTests -->
    </test> <!-- Default test -->
  </suite> <!-- Default suite -->
</testng-results>
